[17:58:25.930][INFO]: Successfully identified and loaded plugin jeitweaker:default
[17:58:26.034][INFO]: Successfully identified and loaded plugin crafttweaker:builtin
[17:58:26.036][INFO]: Successfully identified and loaded plugin crafttweaker:builtin_forge
[17:58:26.041][INFO]: Successfully identified and loaded plugin immersiveengineering:ct_module
[17:58:29.622][INFO]: The following mods have explicit CraftTweaker support through the default plugin:
[17:58:29.625][INFO]: - 'atum' at version '1.18.2-2.3.0'
[17:58:29.625][INFO]: - 'crafttweaker' at version '9.1.211'
[17:58:29.625][INFO]: - 'custommachinery' at version '0.8.7'
[17:58:29.625][INFO]: - 'custommachinerycreate' at version '1.0.2'
[17:58:29.625][INFO]: - 'extendedcrafting' at version '4.1.2'
[17:58:29.625][INFO]: - 'farmersdelight' at version '1.18.2-1.2.3'
[17:58:29.625][INFO]: - 'gamestages' at version '8.1.3'
[17:58:29.625][INFO]: - 'immersiveengineering' at version '1.18.2-8.4.0-161'
[17:58:29.625][INFO]: - 'immersivepetroleum' at version '4.2.0-22'
[17:58:29.625][INFO]: - 'jeitweaker' at version '3.0.0.9'
[17:58:29.625][INFO]: - 'jmapstages' at version '1.18.2-2.1.0'
[17:58:49.090][INFO]: Started loading scripts for loader 'initialize'
[17:58:50.146][INFO]: Compiling and executing scripts
[17:58:50.266][INFO]: Successfully initialized modules [crafttweaker, expansions]
[17:58:50.604][INFO]: Execution for loader 'initialize' completed successfully
[18:04:13.376][INFO]: Started loading scripts for loader 'tags'
[18:04:13.397][INFO]: Compiling and executing scripts
[18:04:13.408][INFO]: Successfully initialized modules [crafttweaker, expansions]
[18:04:13.417][INFO]: Execution for loader 'tags' completed successfully
[18:04:19.248][INFO]: Started loading scripts for loader 'crafttweaker'
[18:04:19.266][INFO]: Compiling and executing scripts
[18:04:19.595][INFO]: Successfully initialized modules [mods, crafttweaker, expansions]
[18:04:19.604][INFO]: Execution for loader 'crafttweaker' completed successfully
[18:42:18.465][INFO]: Started loading scripts for loader 'tags'
[18:42:18.465][INFO]: Undoing previous actions
[18:42:18.484][INFO]: Compiling and executing scripts
[18:42:18.487][INFO]: Successfully initialized modules [crafttweaker, expansions]
[18:42:18.498][INFO]: Execution for loader 'tags' completed successfully
[18:42:23.582][INFO]: Started loading scripts for loader 'crafttweaker'
[18:42:23.582][INFO]: Undoing previous actions
[18:42:23.596][INFO]: Compiling and executing scripts
[18:42:23.717][INFO]: Successfully initialized modules [mods, crafttweaker, expansions]
[18:42:23.725][INFO]: Execution for loader 'crafttweaker' completed successfully
[18:46:20.227][INFO]: Started loading scripts for loader 'tags'
[18:46:20.227][INFO]: Undoing previous actions
[18:46:20.241][INFO]: Compiling and executing scripts
[18:46:20.244][INFO]: Successfully initialized modules [crafttweaker, expansions]
[18:46:20.250][INFO]: Execution for loader 'tags' completed successfully
[18:46:25.271][INFO]: Started loading scripts for loader 'crafttweaker'
[18:46:25.271][INFO]: Undoing previous actions
[18:46:25.283][INFO]: Compiling and executing scripts
[18:46:25.397][INFO]: Successfully initialized modules [mods, crafttweaker, expansions]
[18:46:25.408][INFO]: Execution for loader 'crafttweaker' completed successfully
[18:56:01.566][INFO]: Started loading scripts for loader 'tags'
[18:56:01.566][INFO]: Undoing previous actions
[18:56:01.578][INFO]: Compiling and executing scripts
[18:56:01.581][INFO]: Successfully initialized modules [crafttweaker, expansions]
[18:56:01.588][INFO]: Execution for loader 'tags' completed successfully
[18:56:06.410][INFO]: Started loading scripts for loader 'crafttweaker'
[18:56:06.410][INFO]: Undoing previous actions
[18:56:06.422][INFO]: Compiling and executing scripts
[18:56:06.504][INFO]: Successfully initialized modules [mods, crafttweaker, expansions]
[18:56:06.512][INFO]: Execution for loader 'crafttweaker' completed successfully
[18:56:49.313][INFO]: Started loading scripts for loader 'tags'
[18:56:49.313][INFO]: Undoing previous actions
[18:56:49.325][INFO]: Compiling and executing scripts
[18:56:49.327][INFO]: Successfully initialized modules [crafttweaker, expansions]
[18:56:49.333][INFO]: Execution for loader 'tags' completed successfully
[18:56:54.032][INFO]: Started loading scripts for loader 'crafttweaker'
[18:56:54.032][INFO]: Undoing previous actions
[18:56:54.044][INFO]: Compiling and executing scripts
[18:56:54.140][INFO]: Successfully initialized modules [mods, crafttweaker, expansions]
[18:56:54.148][INFO]: Execution for loader 'crafttweaker' completed successfully
[19:06:19.815][INFO]: Started loading scripts for loader 'tags'
[19:06:19.815][INFO]: Undoing previous actions
[19:06:19.826][INFO]: Compiling and executing scripts
[19:06:19.828][INFO]: Successfully initialized modules [crafttweaker, expansions]
[19:06:19.833][INFO]: Execution for loader 'tags' completed successfully
[19:06:24.543][INFO]: Started loading scripts for loader 'crafttweaker'
[19:06:24.543][INFO]: Undoing previous actions
[19:06:24.553][INFO]: Compiling and executing scripts
[19:06:24.631][INFO]: Successfully initialized modules [mods, crafttweaker, expansions]
[19:06:24.637][INFO]: Execution for loader 'crafttweaker' completed successfully
[19:07:12.432][INFO]: Started loading scripts for loader 'tags'
[19:07:12.432][INFO]: Undoing previous actions
[19:07:12.443][INFO]: Compiling and executing scripts
[19:07:12.445][INFO]: Successfully initialized modules [crafttweaker, expansions]
[19:07:12.451][INFO]: Execution for loader 'tags' completed successfully
[19:07:17.190][INFO]: Started loading scripts for loader 'crafttweaker'
[19:07:17.190][INFO]: Undoing previous actions
[19:07:17.200][INFO]: Compiling and executing scripts
[19:07:17.273][INFO]: Successfully initialized modules [mods, crafttweaker, expansions]
[19:07:17.279][INFO]: Execution for loader 'crafttweaker' completed successfully
[19:08:10.059][INFO]: Started loading scripts for loader 'tags'
[19:08:10.059][INFO]: Undoing previous actions
[19:08:10.070][INFO]: Compiling and executing scripts
[19:08:10.072][INFO]: Successfully initialized modules [crafttweaker, expansions]
[19:08:10.078][INFO]: Execution for loader 'tags' completed successfully
[19:08:14.798][INFO]: Started loading scripts for loader 'crafttweaker'
[19:08:14.798][INFO]: Undoing previous actions
[19:08:14.807][INFO]: Compiling and executing scripts
[19:08:14.877][INFO]: Successfully initialized modules [mods, crafttweaker, expansions]
[19:08:14.882][INFO]: Execution for loader 'crafttweaker' completed successfully
[19:08:56.533][INFO]: Started loading scripts for loader 'tags'
[19:08:56.533][INFO]: Undoing previous actions
[19:08:56.543][INFO]: Compiling and executing scripts
[19:08:56.545][INFO]: Successfully initialized modules [crafttweaker, expansions]
[19:08:56.552][INFO]: Execution for loader 'tags' completed successfully
[19:09:01.151][INFO]: Started loading scripts for loader 'crafttweaker'
[19:09:01.151][INFO]: Undoing previous actions
[19:09:01.160][INFO]: Compiling and executing scripts
[19:09:01.230][INFO]: Successfully initialized modules [mods, crafttweaker, expansions]
[19:09:01.236][INFO]: Execution for loader 'crafttweaker' completed successfully
[19:15:07.635][INFO]: Started loading scripts for loader 'tags'
[19:15:07.635][INFO]: Undoing previous actions
[19:15:07.645][INFO]: Compiling and executing scripts
[19:15:07.646][INFO]: Successfully initialized modules [crafttweaker, expansions]
[19:15:07.652][INFO]: Execution for loader 'tags' completed successfully
[19:15:12.303][INFO]: Started loading scripts for loader 'crafttweaker'
[19:15:12.303][INFO]: Undoing previous actions
[19:15:12.312][INFO]: Compiling and executing scripts
[19:15:12.375][INFO]: Successfully initialized modules [mods, crafttweaker, expansions]
[19:15:12.381][INFO]: Execution for loader 'crafttweaker' completed successfully
[19:16:23.389][INFO]: Started loading scripts for loader 'tags'
[19:16:23.389][INFO]: Undoing previous actions
[19:16:23.398][INFO]: Compiling and executing scripts
[19:16:23.399][INFO]: Successfully initialized modules [crafttweaker, expansions]
[19:16:23.404][INFO]: Execution for loader 'tags' completed successfully
[19:16:28.018][INFO]: Started loading scripts for loader 'crafttweaker'
[19:16:28.018][INFO]: Undoing previous actions
[19:16:28.027][INFO]: Compiling and executing scripts
[19:16:28.092][INFO]: Successfully initialized modules [mods, crafttweaker, expansions]
[19:16:28.097][INFO]: Execution for loader 'crafttweaker' completed successfully
[19:30:16.940][INFO]: Started loading scripts for loader 'tags'
[19:30:16.940][INFO]: Undoing previous actions
[19:30:16.948][INFO]: Compiling and executing scripts
[19:30:16.950][INFO]: Successfully initialized modules [crafttweaker, expansions]
[19:30:16.955][INFO]: Execution for loader 'tags' completed successfully
[19:30:21.520][INFO]: Started loading scripts for loader 'crafttweaker'
[19:30:21.520][INFO]: Undoing previous actions
[19:30:21.529][INFO]: Compiling and executing scripts
[19:30:21.609][INFO]: Successfully initialized modules [mods, crafttweaker, expansions]
[19:30:21.614][INFO]: Execution for loader 'crafttweaker' completed successfully
[19:40:49.511][INFO]: Started loading scripts for loader 'tags'
[19:40:49.511][INFO]: Undoing previous actions
[19:40:49.520][INFO]: Compiling and executing scripts
[19:40:49.522][INFO]: Successfully initialized modules [crafttweaker, expansions]
[19:40:49.527][INFO]: Execution for loader 'tags' completed successfully
[19:40:54.157][INFO]: Started loading scripts for loader 'crafttweaker'
[19:40:54.157][INFO]: Undoing previous actions
[19:40:54.165][INFO]: Compiling and executing scripts
[19:40:54.228][INFO]: Successfully initialized modules [mods, crafttweaker, expansions]
[19:40:54.235][INFO]: Execution for loader 'crafttweaker' completed successfully
[19:59:54.641][INFO]: Started loading scripts for loader 'tags'
[19:59:54.641][INFO]: Undoing previous actions
[19:59:54.650][INFO]: Compiling and executing scripts
[19:59:54.651][INFO]: Successfully initialized modules [crafttweaker, expansions]
[19:59:54.656][INFO]: Execution for loader 'tags' completed successfully
[19:59:59.321][INFO]: Started loading scripts for loader 'crafttweaker'
[19:59:59.321][INFO]: Undoing previous actions
[19:59:59.330][INFO]: Compiling and executing scripts
[19:59:59.392][INFO]: Successfully initialized modules [mods, crafttweaker, expansions]
[19:59:59.397][INFO]: Execution for loader 'crafttweaker' completed successfully
