[12:07:45.278][INFO]: Parsing all .json files in machines folder.
[12:07:45.332][INFO]: Parsing all .json files in upgrades folder.
[12:07:45.650][INFO]: Finished, 5 .json files successfully parsed in machines folder.
[12:07:45.689][INFO]: Finished, 0 .json files successfully parsed in upgrades folder.
[12:07:57.774][INFO]: Reading Custom Machinery Machines...
[12:07:57.774][INFO]: Parsing machine json: taotmachinery:pottery in datapack: KubeJS Resource Pack [data]
[12:07:57.775][INFO]: Successfully parsed machine json: taotmachinery:pottery
[12:07:57.775][INFO]: Parsing machine json: taotmachinery:turntableinjei in datapack: KubeJS Resource Pack [data]
[12:07:57.776][INFO]: Successfully parsed machine json: taotmachinery:turntableinjei
[12:07:57.776][INFO]: Parsing machine json: taotmachinery:turntable in datapack: KubeJS Resource Pack [data]
[12:07:57.776][INFO]: Successfully parsed machine json: taotmachinery:turntable
[12:07:57.777][INFO]: Parsing machine json: taotmachinery:alembic in datapack: KubeJS Resource Pack [data]
[12:07:57.778][INFO]: Successfully parsed machine json: taotmachinery:alembic
[12:07:57.778][INFO]: Parsing machine json: taotmachinery:horse_power in datapack: KubeJS Resource Pack [data]
[12:07:57.778][INFO]: Successfully parsed machine json: taotmachinery:horse_power
[12:07:57.778][INFO]: Finished creating custom machines.
[12:07:57.778][INFO]: Reading Custom Machinery Upgrades json
[12:07:57.778][INFO]: No machine upgrade json found.
[12:07:57.778][INFO]: Collecting machine upgrades with kubeJS.
[12:07:57.778][INFO]: No machine upgrades found with kubejs
[12:07:57.778][INFO]: Finished creating custom machine upgrades.
