[16:58:21] [Render thread/INFO] [JMLogger] JourneyMap log initialized.
[16:58:21] [Render thread/INFO] [JourneymapClient] initialize ENTER
[16:58:21] [Render thread/INFO] [ClientAPI] [ClientAPI] built with JourneyMap API 1.9-SNAPSHOT
[16:58:21] [Render thread/INFO] [PluginHelper] Initializing plugins with Client API: journeymap.client.api.impl.ClientAPI
[16:58:21] [Render thread/INFO] [PluginHelper] Initialized IClientPlugin: com.minecolonies.coremod.compatibility.journeymap.JourneymapPlugin
[16:58:21] [Render thread/INFO] [PluginHelper] Initialized IClientPlugin: frankv.jmi.JMIJourneyMapPlugin
[16:58:21] [Render thread/INFO] [?] Version: JourneyMap 1.18.2-5.9.8, built with forge 1.18.2-40.1.86
forge: 40.2.4
Environment: os.name, os.arch, java.version, user.country, user.language=null, game language=fr_fr, locale=en_us
Features: 
	RadarPlayers : singleplayer = true , multiplayer = true
	RadarAnimals : singleplayer = true , multiplayer = true
	RadarMobs : singleplayer = true , multiplayer = true
	RadarVillagers : singleplayer = true , multiplayer = true
	MapTopo : singleplayer = true , multiplayer = true
	MapSurface : singleplayer = true , multiplayer = true
	MapCaves : singleplayer = true , multiplayer = true
	MapBiome : singleplayer = true , multiplayer = true
MiniMapProperties{state=Valid, file=journeymap.minimap.config, configVersion=5.9.8, zoomLevel=0, compassFontScale=1.0, terrainAlpha=100, showEntityNames=true, positionX=0.9, positionY=0.25, effectVertical=false, showPlayerHeading=true, sizePercent=30, playerDisplayScale=1.0, showDayNight=true, showPets=true, preferredMapType=day, showCompass=true, mobDisplay=jm.common.entity_display.dots, systemTimeRealFormat=HH:mm:ss, shape=jm.minimap.shape_circle, showSelf=true, selfDisplayScale=1.0, showGrid=true, reticleOrientation=jm.minimap.orientation.compass, gameTimeRealFormat=HH:mm:ss, effectTranslateX=-148, showWaypoints=true, minimapKeyMovementSpeed=0.001, showAnimals=true, infoSlotAlpha=0.7, effectTranslateY=0, showWaypointLabels=true, moveEffectIcons=true, position=jm.minimap.position_topright, fontScale=1.0, showPlayers=true, waypointIconScale=1.0, frameAlpha=100, effectReversed=false, backgroundAlpha=0.8, enabled=false, showVillagers=true, info2Label=jm.theme.labelsource.gametime, info3Label=jm.theme.labelsource.location, showMobs=true, waypointLabelScale=1.0, showReticle=true, orientation=jm.minimap.orientation.north, info4Label=jm.theme.labelsource.biome, locationFormat=xzyv, playerDisplay=jm.common.entity_display.dots, mobDisplayScale=1.0, showCaves=true, showMobHeading=true, locationFormatVerbose=true, info1Label=jm.theme.labelsource.blank}
MiniMapProperties{state=Valid, file=journeymap.minimap2.config, configVersion=5.9.8, zoomLevel=0, compassFontScale=1.0, terrainAlpha=100, showEntityNames=true, positionX=0.9, positionY=0.25, effectVertical=false, showPlayerHeading=true, sizePercent=30, playerDisplayScale=1.0, showDayNight=true, showPets=true, preferredMapType=day, showCompass=true, mobDisplay=jm.common.entity_display.dots, systemTimeRealFormat=HH:mm:ss, shape=jm.minimap.shape_rectangle, showSelf=true, selfDisplayScale=1.0, showGrid=true, reticleOrientation=jm.minimap.orientation.compass, gameTimeRealFormat=HH:mm:ss, effectTranslateX=-195, showWaypoints=true, minimapKeyMovementSpeed=0.001, showAnimals=true, infoSlotAlpha=0.7, effectTranslateY=0, showWaypointLabels=true, moveEffectIcons=true, position=jm.minimap.position_topright, fontScale=1.0, showPlayers=true, waypointIconScale=1.0, frameAlpha=100, effectReversed=false, backgroundAlpha=0.8, enabled=false, showVillagers=true, info2Label=jm.theme.labelsource.gametime, info3Label=jm.theme.labelsource.location, showMobs=true, waypointLabelScale=1.0, showReticle=true, orientation=jm.minimap.orientation.north, info4Label=jm.theme.labelsource.biome, locationFormat=xzyv, playerDisplay=jm.common.entity_display.dots, mobDisplayScale=1.0, showCaves=true, showMobHeading=true, locationFormatVerbose=true, info1Label=jm.theme.labelsource.blank}
FullMapProperties{state=Valid, file=journeymap.fullmap.config, configVersion=5.9.8, zoomLevel=1, showPlayers=true, waypointIconScale=1.0, showEntityNames=true, showPlayerHeading=true, showVillagers=true, showPlayerLoc=true, showKeys=true, playerDisplayScale=1.0, showMobs=true, showPets=true, waypointLabelScale=1.0, preferredMapType=day, mobDisplay=jm.common.entity_display.dots, showSelf=true, locationFormat=xzyv, playerDisplay=jm.common.entity_display.dots, mobDisplayScale=1.0, selfDisplayScale=1.0, showGrid=false, showMouseLoc=true, showWaypoints=true, showCaves=true, showAnimals=true, dragScale=1, showMobHeading=true, showWaypointLabels=true, locationFormatVerbose=true, fontScale=1.0}
WaypointProperties{state=Valid, file=journeymap.waypoint.config, configVersion=5.9.8, autoRemoveDeathpointDistance=2, dateFormat=MM-dd-yyyy, autoRemoveDeathpoints=false, fullscreenDoubleClickToCreate=true, managerDimensionFocus=false, minDistance=4, boldLabel=false, textureSmall=true, showDeathpointlabel=true, beaconEnabled=true, createDeathpoints=true, showName=true, disableStrikeThrough=false, maxDistance=0, autoHideLabel=true, autoRemoveTempWaypoints=2, teleportCommand=/tp {name} {x} {y} {z}, showStaticBeam=true, shaderBeacon=false, timeFormat=HH:mm:ss, showDeviationLabel=false, showDistance=true, showRotatingBeam=true, fontScale=2.0, showTexture=true, managerEnabled=true}
WebMapProperties{state=Valid, file=journeymap.webmap.config, configVersion=5.9.8, port=8080, enabled=false}
CoreProperties{state=Valid, file=journeymap.core.config, configVersion=5.9.8, verboseColorPalette=false, maxPlayersData=32, mapSurfaceAboveCaves=true, dataCachingEnabled=true, optionsManagerViewed=5.9.7, announceMod=true, colorPassive=#bbbbbb, mapBlendWater=false, renderDistanceSurfaceMax=0, seedId=false, radarVerticalDistance=16, mapBlendGrass=true, recordCacheStats=false, hideSneakingEntities=true, revealShape=jm.minimap.shape_circle, mapBiome=true, alwaysMapSurface=false, colorVillager=#88e188, mapPlants=false, colorPet=#0077ff, radarLateralDistance=64, mapBathymetry=false, mapCrops=true, maxMobsData=32, mapPlantShadows=false, alwaysMapCaves=false, checkUpdates=true, mapBlendFoliage=true, hideSpectators=false, mappingEnabled=true, colorPlayer=#ffffff, tileHighDisplayQuality=true, cacheVillagersData=2200, logLevel=INFO, maxVillagersData=32, mapWaterBiomeColors=false, maxAnimalsData=32, mapTransparency=true, caveBlackAsClear=false, tileRenderType=1, caveIgnoreGlass=true, mapTopography=true, renderDistanceCaveMax=0, mapAntialiasing=true, colorSelf=#0000ff, cachePlayersData=2000, cacheMobsData=3000, cachePlayerData=1000, splashViewed=5.9.8, colorHostile=#ff0000, cacheAnimalsData=3100, themeName=OceanMonument, mapCaveLighting=true, renderDelay=2, glErrorChecking=false, autoMapPoll=2000}
[16:58:22] [Render thread/INFO] [JourneymapClient] initialize EXIT, elapsed count 1 avg 302.25ms
[16:58:54] [Render thread/INFO] [JourneymapClient] Journeymap PostInit
[16:58:54] [Render thread/INFO] [ThemeLoader] Preloaded theme textures: 73
[16:58:54] [Render thread/INFO] [JourneymapClient] postInitialize EXIT, elapsed count 1 avg 383.34ms
[17:00:01] [Server thread/INFO] [ForgeConfig] Loading JourneyMap Forge Configs
[17:00:36] [Render thread/INFO] [ChatLog] 
[17:00:36] [Render thread/INFO] [ModBlockDelegate] Custom modded block handling enabled for create
[17:00:36] [Render thread/INFO] [WaypointStore] Loaded 0 waypoints from C:\Users\Benji\curseforge\minecraft\Instances\The-Ages-of-Times\journeymap\data\sp\TEST\waypoints
[17:00:36] [Render thread/INFO] [JourneymapClient] Mapping started in C:\Users\Benji\curseforge\minecraft\Instances\The-Ages-of-Times\journeymap\data\sp\TEST\overworld. Memory: 7000MB total, 2685MB free 
[17:00:39] [JM-task-4/ERROR] [BlockMD] Can't get blockId/meta for chunk -5,6 at BlockPos{x=-77, y=68, z=96} : net.minecraft.ReportedException: Getting block state
	at TRANSFORMER/minecraft@1.18.2/net.minecraft.world.level.chunk.LevelChunk.m_8055_(LevelChunk.java:179)
	at TRANSFORMER/journeymap@5.9.8/journeymap.client.model.ChunkMD.getChunkBlockState(ChunkMD.java:129)
	at TRANSFORMER/journeymap@5.9.8/journeymap.client.model.BlockMD.getBlockMD(BlockMD.java:252)
	at TRANSFORMER/journeymap@5.9.8/journeymap.client.model.BlockMD.getBlockMDFromChunkLocal(BlockMD.java:233)
	at TRANSFORMER/journeymap@5.9.8/journeymap.client.cartography.render.TopoRenderer.getBlockHeight(TopoRenderer.java:254)
	at TRANSFORMER/journeymap@5.9.8/journeymap.client.cartography.render.BaseRenderer.getOffsetBlockHeight(BaseRenderer.java:464)
	at TRANSFORMER/journeymap@5.9.8/journeymap.client.cartography.render.TopoRenderer.populateSlopes(TopoRenderer.java:309)
	at TRANSFORMER/journeymap@5.9.8/journeymap.client.cartography.render.TopoRenderer.render(TopoRenderer.java:136)
	at TRANSFORMER/journeymap@5.9.8/journeymap.client.cartography.ChunkRenderController.renderChunk(ChunkRenderController.java:144)
	at TRANSFORMER/journeymap@5.9.8/journeymap.client.task.multi.BaseMapTask.performTask(BaseMapTask.java:125)
	at TRANSFORMER/journeymap@5.9.8/journeymap.client.task.multi.TaskBatch.performTask(TaskBatch.java:72)
	at TRANSFORMER/journeymap@5.9.8/journeymap.client.task.multi.MapPlayerTask$MapPlayerTaskBatch.performTask(MapPlayerTask.java:424)
	at TRANSFORMER/journeymap@5.9.8/journeymap.client.thread.RunnableTask$Inner.run(RunnableTask.java:77)
	at java.base/java.util.concurrent.Executors$RunnableAdapter.call(Executors.java:539)
	at java.base/java.util.concurrent.FutureTask.run(FutureTask.java:264)
	at java.base/java.util.concurrent.ScheduledThreadPoolExecutor$ScheduledFutureTask.run(ScheduledThreadPoolExecutor.java:304)
	at java.base/java.util.concurrent.ThreadPoolExecutor.runWorker(ThreadPoolExecutor.java:1136)
	at java.base/java.util.concurrent.ThreadPoolExecutor$Worker.run(ThreadPoolExecutor.java:635)
	at java.base/java.lang.Thread.run(Thread.java:833)
Caused by: net.minecraft.world.level.chunk.MissingPaletteEntryException: Missing Palette entry for index 8.
	at TRANSFORMER/minecraft@1.18.2/net.minecraft.world.level.chunk.HashMapPalette.m_5795_(HashMapPalette.java:64)
	at TRANSFORMER/minecraft@1.18.2/net.minecraft.world.level.chunk.PalettedContainer.m_63085_(PalettedContainer.java:132)
	at TRANSFORMER/minecraft@1.18.2/net.minecraft.world.level.chunk.PalettedContainer.m_63087_(PalettedContainer.java:127)
	at TRANSFORMER/minecraft@1.18.2/net.minecraft.world.level.chunk.LevelChunkSection.m_62982_(LevelChunkSection.java:51)
	at TRANSFORMER/minecraft@1.18.2/net.minecraft.world.level.chunk.LevelChunk.m_8055_(LevelChunk.java:168)
	... 18 more

[17:00:39] [JM-task-4/ERROR] [BlockMD] Can't get blockId/meta for chunk -8,6 at BlockPos{x=-115, y=63, z=98} : net.minecraft.ReportedException: Getting block state
	at TRANSFORMER/minecraft@1.18.2/net.minecraft.world.level.chunk.LevelChunk.m_8055_(LevelChunk.java:179)
	at TRANSFORMER/journeymap@5.9.8/journeymap.client.model.ChunkMD.getChunkBlockState(ChunkMD.java:129)
	at TRANSFORMER/journeymap@5.9.8/journeymap.client.model.BlockMD.getBlockMD(BlockMD.java:252)
	at TRANSFORMER/journeymap@5.9.8/journeymap.client.model.ChunkMD.getBlockMD(ChunkMD.java:151)
	at TRANSFORMER/journeymap@5.9.8/journeymap.client.model.ChunkMD.ceiling(ChunkMD.java:234)
	at TRANSFORMER/journeymap@5.9.8/journeymap.client.cartography.render.TopoRenderer.populateSlopes(TopoRenderer.java:327)
	at TRANSFORMER/journeymap@5.9.8/journeymap.client.cartography.render.TopoRenderer.render(TopoRenderer.java:136)
	at TRANSFORMER/journeymap@5.9.8/journeymap.client.cartography.ChunkRenderController.renderChunk(ChunkRenderController.java:144)
	at TRANSFORMER/journeymap@5.9.8/journeymap.client.task.multi.BaseMapTask.performTask(BaseMapTask.java:125)
	at TRANSFORMER/journeymap@5.9.8/journeymap.client.task.multi.TaskBatch.performTask(TaskBatch.java:72)
	at TRANSFORMER/journeymap@5.9.8/journeymap.client.task.multi.MapPlayerTask$MapPlayerTaskBatch.performTask(MapPlayerTask.java:424)
	at TRANSFORMER/journeymap@5.9.8/journeymap.client.thread.RunnableTask$Inner.run(RunnableTask.java:77)
	at java.base/java.util.concurrent.Executors$RunnableAdapter.call(Executors.java:539)
	at java.base/java.util.concurrent.FutureTask.run(FutureTask.java:264)
	at java.base/java.util.concurrent.ScheduledThreadPoolExecutor$ScheduledFutureTask.run(ScheduledThreadPoolExecutor.java:304)
	at java.base/java.util.concurrent.ThreadPoolExecutor.runWorker(ThreadPoolExecutor.java:1136)
	at java.base/java.util.concurrent.ThreadPoolExecutor$Worker.run(ThreadPoolExecutor.java:635)
	at java.base/java.lang.Thread.run(Thread.java:833)
Caused by: net.minecraft.world.level.chunk.MissingPaletteEntryException: Missing Palette entry for index 21.
	at TRANSFORMER/minecraft@1.18.2/net.minecraft.world.level.chunk.HashMapPalette.m_5795_(HashMapPalette.java:64)
	at TRANSFORMER/minecraft@1.18.2/net.minecraft.world.level.chunk.PalettedContainer.m_63085_(PalettedContainer.java:132)
	at TRANSFORMER/minecraft@1.18.2/net.minecraft.world.level.chunk.PalettedContainer.m_63087_(PalettedContainer.java:127)
	at TRANSFORMER/minecraft@1.18.2/net.minecraft.world.level.chunk.LevelChunkSection.m_62982_(LevelChunkSection.java:51)
	at TRANSFORMER/minecraft@1.18.2/net.minecraft.world.level.chunk.LevelChunk.m_8055_(LevelChunk.java:168)
	... 17 more

[17:01:48] [Render thread/INFO] [JourneymapClient] Mapping halted in C:\Users\Benji\curseforge\minecraft\Instances\The-Ages-of-Times\journeymap\data\mp\offline\minecraft:overworld
